PMC176547	Borneo Elephants: A High Priority for Conservation
PMC176548	Monitoring Malaria: Genomic Activity of the Parasite in Human Blood Cells
PMC193606	Biological Clock Depends on Many Parts Working Together
PMC193607	New Genomic Approach Predicts True Evolutionary History of Bacterial Genomes
PMC212688	Functional Analysis of RSS Spacers
PMC212700	Developmental Origins and Evolution of Buchnera Host Cells
PMC212701	Supersensitive Worms Reveal New Gene Functions
PMC212703	Large-Scale Association Study Confirms Genetic Complexity Underlying Type 2 Diabetes
PMC212704	Mathematical Modeling Predicts How Proteins Affect Cellular Communication
PMC300675	Structural Mechanism Shows How Transferrin Receptor Binds Multiple Ligands and Sheds Light on a Hereditary Iron Disease
PMC300700	In PLoS Biology, volume 1, issue 1:
PMC300884	Structure and Implications of JAMM, a Novel Metalloprotease
PMC300885	A Truly Broad View of Gene Expression Spotlights Evolution and Diversity
PMC300886	“Suicide” Proteins Contribute to Sperm Creation
PMC314301	Gene Expression Signature of a Fibroblast Serum Response Predicts Cancer Progression
PMC314470	A New Gene That Shapes Mouse Pigmentation Patterning
PMC314473	Mechanism Suggests How HIV Protein Disrupts Immune Cell Migration
PMC314476	Visualizing Noncentrosomal Microtubules during Spindle Assembly
PMC314478	Protein Essential for Malarial Parasite to Reach and Infect Liver Cells
PMC314479	Evolution of Primate Sense of Smell and Full Trichromatic Color Vision
PMC314480	Brain Activity during Slow-Wave Sleep Points to Mechanism for Memory
PMC314481	Researchers Add to Proteomics Toolbox
PMC314482	A DNA-Binding Protein Helps Repair Breaks in DNA Double Helix
PMC340127	Wnt Signaling Relies on Nuclear Armadillo
PMC340946	T-Cell Differentiation and Progression of HIV Infection
PMC340957	Engineering Bacteria to Make “Unnatural” Natural Drugs
PMC340958	Activating p53 in Cancer Cells with Protein Therapy Shows Preclinical Promise
PMC340959	A New Breast Cancer Model
PMC340960	When Monkeys Learn Directional Tasks, Neurons Learn Too
PMC340961	Diverse Signals Establish the Left-Right Body Axis
PMC340964	Comparing the Networks that Power Bacterial Chemotaxis
PMC350674	Exploring Small RNA Function
PMC368165	A Single Mutation Transforms an Iron Transporter into an Ion Channel
PMC368170	Genome Sequence of the Intracellular Bacterium Wolbachia
PMC368175	mRNA Targets of RNA-Binding Proteins Suggest an Extensive System for Post-Transcriptional Regulation
PMC368176	Tracking Blood-Forming Stem Cells through Development
PMC368177	Conserved Genes Preferentially Duplicated in Evolution
PMC368178	A Holistic Approach to Evaluating Cellular Communication Pathways
PMC368180	Microstimulation of Neurons Distinguishes Neural Contribution to Perception
PMC368181	Corrections: The Roles of APC and Axin Derived from Experimental and Theoretical Analysis of the Wnt Pathway
PMC374242	Artificial Prions Created from Portable Control Elements
PMC374245	Evolutionary History of a Gene Controlling Brain Size
PMC374246	Depositing a Histone That Protects Active Chromosomal Regions from Silencing
PMC385220	Single Locus Controls Majority of Armor Evolution in Two Populations of Sticklebacks
PMC387266	“Mosaic” Genes Highlight Forces of Genome Diversity and Adaptation
PMC387272	A Mechanism for Adding the First Link in a Nascent Actin Filament Chain
PMC387276	Neural Basis of Solving Problems with Insight
PMC387279	A Window into the Brain Demonstrates the Importance of Astrocytes
PMC387280	Phage Display Libraries Identify T Cells
PMC387282	Evaluating Disease Trends in Marine Ecosystems
PMC387822	Predicting Cancer Patient Survival with Gene Expression Data
PMC387823	Emergence of a Peaceful Culture in Wild Baboons
PMC393293	Annotation Marathon Validates 21,037 Human Genes
PMC406395	A Gene That Directs the Regeneration of Injured Muscle from Adult Stem Cells
PMC406410	Correction
PMC406520	Turning Down the Volume: Why Some Genes Tolerate Less Noise
PMC423140	A Gene Responsible for Hybrid Incompatibility in Drosophila
PMC423142	Information Transport across a Membrane
PMC423148	Deconstructing Brain Waves: Background, Cue, and Response
PMC423152	Initiation of DNA Replication: The Genomic Context
PMC423154	Ecology Drives the Global Distribution of Human Diseases
PMC423159	A DNA Recombination “Hotspot” in Humans Is Missing in Chimps
PMC423160	Combining Measures to Characterize Subcellular Machinery
PMC423161	A Protein's Role in Progressive Renal Disease
PMC423162	A Method for Studying Calcium Dynamics in Transgenic Mice
PMC423163	Correction: Mre11 Assembles Linear DNA Fragments into DNA Damage Signaling Complexes
PMC434152	Harnessing DNA-Based Technology for Drug Discovery
PMC434154	Identifying Genes Involved in Innate Immunity through RNAi
PMC434155	Host Immunity Escalates the Evolution of Parasite Virulence
PMC439008	A New Role for a Synaptotagmin Protein in Calcium-Dependent Exocytosis
PMC439009	Genomic Analysis of Retinal Development in the Mouse
PMC449864	Calling the Steps in Development's Genetic Square Dance
PMC449866	When It Comes to Frizzled-Mediated Developmental Pathways, Location Matters
PMC449891	On the Brink: How Biology and Humans Affect Extinction Risk
PMC449894	Regulating the Regulators: Immune System Regulators Are Highly Susceptible to HIV Infection
PMC449902	No Rest for the Weary: Migrating Songbirds Keep Their Wits without Sleep
PMC449904	Training the Immune Response: B-cells' Master Regulator
PMC449905	Honeybees' Distance Perception Changes with Terrain of Flight Path
PMC449907	Great Ape Genomes Offer Insight into Human Evolution
PMC449908	Remembering Which X Chromosome to Use
PMC450293	Correction: Integrative Annotation of 21,037 Human Genes Validated by Full-Length cDNA Clones
PMC467053	Quality of maternal care in the Southeast Asia region
PMC467055	Artificial intelligence in radiology
PMC467062	India’s Poshan Tracker: data-driven tool for maternal and child nutrition
PMC467088	SGLT2 inhibitor dapagliflozin reduces proximal tubular cell damage biomarkers in patients with acute heart failure
PMC479044	The Molecular Biology of Wound Healing
PMC479045	Evolution of a Primate Defense against Intragenomic Infiltrators
PMC479046	Patterning the Face
PMC490028	Genome-Wide Survey of Cohesin: A Molecular Guardian of Genomic Fidelity
PMC497053	What is the role of theory in health behavior change interventions?
PMC509295	Deconstructing Genetic Contributions to Autoimmunity in Mouse Models
PMC509307	Nicotine Keeps Leaf-Loving Herbivores at Bay
PMC509308	Finding Mutations That Disrupt Cortical Development
PMC509309	A Protein Required for Fruitflies to Dispatch Wasp Parasites
PMC509311	Regenerating Lost Muscle: Msx1 to the Rescue
PMC509313	Yeast Use Dual Gain Controls to Amplify Protein Processing
PMC509314	Inhibition of the DNA Damage Pathway by a Telomere-Binding Protein
PMC509317	Retrovirus Integration into the Human Genome
PMC509318	A Red-Blooded Transcription Factor
PMC509319	How the Brain Retrieves Forgotten Memories
PMC509320	Deterministic Tumor Evolution
PMC509321	Evolution's “Molecular Clock”: Not So Dependable After All?
PMC509411	Hormones Act in Concert to Direct Plant Growth
PMC509412	A Case for a Functional Actin Network in the Nucleus
PMC509413	The Structural Basis of a Prostate Cancer Protein's Unique Selectivity
PMC509414	The Case of the Noisy Neurons
PMC509415	Gene Targeting Turns Mice into Long-Distance Runners
PMC514492	New Route to Longer Life
PMC514493	Protein Helps Orchestrate Cells' Fluid Uptake
PMC514495	Natural Biodiversity Breaks Plant Yield Barriers
PMC514538	A Skeletal Muscle Protein That Regulates Endurance
PMC514886	A Developmental Role for Fatty Acids in Eukaryotes
PMC514888	Dissecting the Transcriptional Control of Body Patterning
PMC514889	Verifying Sequences that Enhance Splicing
PMC515371	Fly Fights with Both Hands
PMC515372	Mitochondrial Genes Cause Nuclear Mischief
PMC515373	Damage Response Protein Buys Time for Bacterial DNA Repair
PMC515374	Do Genes Respond to Global Warming?
PMC515375	A Novel Pathway for a Tumor Suppressor
PMC515376	Spotting Signs of Natural Selection
PMC517827	A Richer Map for Searching Scientific Literature
PMC517828	Key to Cholesterol's Role in Nematode Development
PMC517830	The Genome of a Methane-Loving Bacterium
PMC517831	How to Make a Mother in Five Easy Steps
PMC517832	A Mechanism of Prion Propagation
PMC517833	Keeping Proteins on Target
PMC517834	We Move in Mysterious Ways
PMC519003	A Molecular Model of Blood Cell Renewal
PMC519004	DNA Barcoding: Promise and Pitfalls
PMC519005	A Test Case for DNA Barcodes to Identify Species
PMC519006	Developmental Milieu Influences a Gene's Role in Tumor Formation
PMC519007	A Relay-Signal Model of Nematode Vulval Development
PMC519008	For Gene Activation, Location Matters
PMC521179	Shut Down, Don't Stress Out
PMC521180	A New Way to Look at Oxidative Stress
PMC521181	Did We or Didn't We? Louse Genetic Analysis Says Yes
PMC521182	A New Cell Model for Parkinson's Disease
PMC521183	High Affinity: Making Up for Being Male
PMC521184	Endangered Frogs Coexist with Fungus Once Thought Fatal
PMC521185	MicroRNA Is a Major Regulator
PMC521494	Open Access gains attention in scholar communication
PMC523231	Reconstructing Neural Circuits in 3D, Nanometer by Nanometer
PMC523232	Slime Mold Myosin Thick Filament Assembly Dissected
PMC523233	BMP Signaling Maintains Healthy Joint Cartilage
PMC523234	Controlling the Timing of Gene Expression during Organ Development
PMC523841	Oats Intolerance in Celiac Disease
PMC523842	Getting the Fluid Balance Right in Malaria
PMC523843	T Cells Cause Lung Damage in Emphysema
PMC523845	Which Risk Factors Matter to Whom?
PMC523846	Different HIV Drugs Cause Different Lipid Profiles
PMC524255	Predicting Risk of Mosquito-Borne Disease in Variable Environments
PMC524256	Where to Start? Alternate Protein Translation Mechanism Creates Unanticipated Antigens
PMC524257	Paying Attention to Memory
PMC524258	A Clear View of Mycobacterial Infection
PMC524259	Only Connect: The Functional Architecture of Brain Connectivity
PMC524260	Taking Stock of Biodiversity to Stem Its Rapid Decline
PMC524261	One Brain, One Vision
PMC524353	True good
PMC524378	Malaria Vaccine Trial Results Are Negative, but Important
PMC524379	Supervised Treatment Interruptions Fail to Control HIV-1 Viremia
PMC524473	Sleeping, Waking, … and Glucose Homeostasis
PMC524474	A Structural Analysis of Eukaryotic Membrane Evolution
PMC526181	Computational Mapping of Complex Traits in the Mouse
PMC526182	Repetitive Editing and RNA Splicing
PMC526183	Genes, Genomes, and the Road to Diversity: How Regulatory Networks Evolve
PMC526377	Fungus Holds Clues to the Evolution of Sex Chromosomes
PMC526754	Review on '' Bioinformatics, Biocomputing and Perl '' by Michael Moorhouse and Paul Barry
PMC528724	Chemical and Genetic Screens Hit the Target in Cytokinesis
PMC529320	All HEPped Up about Methylation
PMC529321	Are Animals As Irrational As Humans?
PMC529322	A Neuron Survival Protein May Give Directions, Too
PMC529323	In Times of Stress, Mutate Early and Often
PMC529324	Retroviral Gene Vectors Show Clear Target Preferences
PMC529325	This Is Your Fly's Brain on Drugs
PMC529432	Resistin Response to Inflammation
PMC529433	The Quest for a Vaccine That Yields Tumor-Killing T cells
PMC529458	Review of, "Biostatistics and Epidemiology" by S. Wassertheil-Smoller
PMC532394	Computer Simulation of the Movement of Listeria Bacteria
PMC532395	Norovirus Cultured for the First Time
PMC532396	When Immune Defenses Turn Traitor
PMC532397	The History of the Intron—Balancing Gains and Losses
PMC532398	Cro-Magnons Conquered Europe, but Left Neanderthals Alone
PMC532399	A Fly Enzyme for Motor Control
PMC532400	A Global View of Gene Expression in the Aging Kidney
PMC534811	Using Biology to Create Complex Patterns
PMC534812	An Evolutionary View of Tiger Conservation
PMC534815	Tracking Orangutans from the Sky
PMC535347	Review on "Atkins Diabetes Revolution: The Groundbreaking Approach to Preventing and Controlling Type 2 Diabetes" by Mary C. Vernon and Jacqueline A. Eberstein
PMC535576	Getting a Whiff of Speciation by Reinforcement
PMC535702	Sleep Duration Affects Appetite-Regulating Hormones
PMC536008	Evolution of Sex Chromosomes: The Case of the White Campion
PMC539053	Imaging Lymph Nodes with Nanoparticles
PMC539054	Cancer in Families
PMC539055	Treatment Interruptions in Chronic HIV Infection
PMC539057	Correction: Nevirapine and Efavirenz Elicit Different Changes in Lipid Profiles in Antiretroviral-Therapy-Naive Patients Infected with HIV-1
PMC539062	Gene Signatures Predict Interferon Response for MS Patients
PMC539063	Structure of a Conserved RNA Element in the SARS Virus Genome Determined
PMC539064	The Evolution of Self-Fertile Hermaphroditism: The Fog Is Clearing
PMC539066	Hirsute or Hairless? Two Proteins May Spell the Difference
PMC539230	Unique Double-Barreled Enzyme Makes Methionine the Hard Way
PMC539241	Review of "System approach to engineering design" by P.H. Sydenham
PMC539337	Ancient DNA Tells Story of Giant Eagle Evolution
PMC539338	Genome Sequencing: Using Models to Predict Who's Next
PMC539339	Computation Provides a Virtual Recording of Auditory Signaling
PMC539340	Separating Wheat from Chaff in Plant Genomes
PMC539341	Multiple Campylobacter Genomes Sequenced
PMC539342	Dispersal or Drift? More to Plant Biodiversity Than Meets the Eye
PMC539343	How Bacteria Stopped Worrying and Learned to Love…Formaldehyde
PMC543464	How Statins May Protect against Alzheimer Disease
PMC543465	Modeling the HIV Epidemic in Africa
PMC543571	Review of "Fundamentals of Clinical Trials" by LM. Friedman, CD. Furberg and DL. DeMets
PMC544543	Unexpressed but Indispensable—The DNA Sequences That Control Development
PMC544549	Whisker Velocity Patterns Tell Rats What They're Feeling
PMC544550	Correction: Regulation of Muscle Fiber Type and Running Endurance by PPARδ
PMC544552	Fish Need You
PMC544861	Review of "Methods for testing and evaluating survey questionnaires" by S. Presser, et al
PMC544930	Loss of Sight and Enhanced Hearing: A Neural Picture
PMC544931	Why Bad Boys Always Get the Girl and Other Tales of Evolutionary Madness
PMC544932	Hominids Lose Control
PMC545209	Rethinking Immunity against Pneumococcal Disease
PMC545210	Predicting Tumor Responses to Gefitinib and Erlotinib
PMC545211	Meningitis and Climate in West Africa
PMC545212	Volume Status in Severe Malaria: No Evidence Provided for the Degree of Filling of the Intravascular Compartment
PMC545213	Completing the Public Health HIV/AIDS Alphabet
PMC545214	Nepal's War and Conflict-Sensitive Development
PMC545215	Three More Learning Points
PMC545216	Authors' Reply
PMC546040	What Does an Airline Traveler Have in Common with a Glowing Fish?
PMC546041	Rice Genome Approaches Completion
PMC546042	Aging and Death in E. coli
PMC546332	DNA Recombination and Repair—A New Twist to RecA Function
PMC546333	An HIV Protein Plays a Surprising Role in Gene Activation
PMC546334	Novel Enzyme Shows Potential as an Anti-HIV Target
PMC546335	Opposing Fat Metabolism Pathways Triggered by a Single Gene
PMC546336	The Bottleneck of Central Processing: Clues from Reaction Times
PMC548794	Early Detection of Disease Outbreaks
PMC548957	Correction: Components of Coated Vesicles and Nuclear Pore Complexes Share a Common Molecular Architecture
PMC548958	Correction: Cro-Magnons Conquered Europe, but Left Neanderthals Alone
PMC549082	Review of "Therapy, Sensory Integration and the Autistic Child" by DS. Berger
PMC549209	Methodological considerations in the design of trials for safety assessment of new drugs and chemical entities
PMC549594	Free Community Science and the Free Development of Science
PMC549595	Unregistered Trials Are Unethical
PMC549596	Open Access to Trials Register
PMC549598	Mass Spectometry–Based SARS Genotyping
PMC549599	Towards Better Evaluation of Pneumococcal Vaccines
PMC549600	Injections and HIV in Rural Zimbabwe
PMC549602	Why Blood Glucose Control Matters for the Kidney
PMC549603	Equitable Allocation of Antiretrovirals in Resource-Constrained Countries
PMC549607	How Tumor Cells Acquire Resistance to Kinase Inhibitors
PMC552322	Review of "Understanding the Human Machine, A Primer for Bioengineering" by Max E. Valentinuzzi
PMC554983	Review of "Dynamics of the Vascular System" by John K-J Li. Series on Bioengineering & Biomedical Engineering – Vol. 1
PMC554996	Correction: Lipid phosphate phosphatases dimerise, but this interaction is not required for in vivo activity
PMC555541	Correction: Determination of the differentially expressed genes in microarray experiments using local FDR
PMC176547	Borneo Elephants: A High Priority for Conservation
PMC176548	Monitoring Malaria: Genomic Activity of the Parasite in Human Blood Cells
PMC193606	Biological Clock Depends on Many Parts Working Together
PMC193607	New Genomic Approach Predicts True Evolutionary History of Bacterial Genomes
PMC212688	Functional Analysis of RSS Spacers
PMC212700	Developmental Origins and Evolution of Buchnera Host Cells
PMC212701	Supersensitive Worms Reveal New Gene Functions
PMC212703	Large-Scale Association Study Confirms Genetic Complexity Underlying Type 2 Diabetes
PMC212704	Mathematical Modeling Predicts How Proteins Affect Cellular Communication
PMC300675	Structural Mechanism Shows How Transferrin Receptor Binds Multiple Ligands and Sheds Light on a Hereditary Iron Disease
PMC300700	In PLoS Biology, volume 1, issue 1:
PMC300884	Structure and Implications of JAMM, a Novel Metalloprotease
PMC300885	A Truly Broad View of Gene Expression Spotlights Evolution and Diversity
PMC300886	“Suicide” Proteins Contribute to Sperm Creation
PMC314301	Gene Expression Signature of a Fibroblast Serum Response Predicts Cancer Progression
PMC314470	A New Gene That Shapes Mouse Pigmentation Patterning
PMC314473	Mechanism Suggests How HIV Protein Disrupts Immune Cell Migration
PMC314476	Visualizing Noncentrosomal Microtubules during Spindle Assembly
PMC314478	Protein Essential for Malarial Parasite to Reach and Infect Liver Cells
PMC314479	Evolution of Primate Sense of Smell and Full Trichromatic Color Vision
PMC314480	Brain Activity during Slow-Wave Sleep Points to Mechanism for Memory
PMC314481	Researchers Add to Proteomics Toolbox
PMC314482	A DNA-Binding Protein Helps Repair Breaks in DNA Double Helix
PMC340127	Wnt Signaling Relies on Nuclear Armadillo
PMC340946	T-Cell Differentiation and Progression of HIV Infection
PMC340957	Engineering Bacteria to Make “Unnatural” Natural Drugs
PMC340958	Activating p53 in Cancer Cells with Protein Therapy Shows Preclinical Promise
PMC340959	A New Breast Cancer Model
PMC340960	When Monkeys Learn Directional Tasks, Neurons Learn Too
PMC340961	Diverse Signals Establish the Left-Right Body Axis
PMC340964	Comparing the Networks that Power Bacterial Chemotaxis
PMC350674	Exploring Small RNA Function
PMC368165	A Single Mutation Transforms an Iron Transporter into an Ion Channel
PMC368170	Genome Sequence of the Intracellular Bacterium Wolbachia
PMC368175	mRNA Targets of RNA-Binding Proteins Suggest an Extensive System for Post-Transcriptional Regulation
PMC368176	Tracking Blood-Forming Stem Cells through Development
PMC368177	Conserved Genes Preferentially Duplicated in Evolution
PMC368178	A Holistic Approach to Evaluating Cellular Communication Pathways
PMC368180	Microstimulation of Neurons Distinguishes Neural Contribution to Perception
PMC368181	Corrections: The Roles of APC and Axin Derived from Experimental and Theoretical Analysis of the Wnt Pathway
PMC374242	Artificial Prions Created from Portable Control Elements
PMC374245	Evolutionary History of a Gene Controlling Brain Size
PMC374246	Depositing a Histone That Protects Active Chromosomal Regions from Silencing
PMC385220	Single Locus Controls Majority of Armor Evolution in Two Populations of Sticklebacks
PMC387266	“Mosaic” Genes Highlight Forces of Genome Diversity and Adaptation
PMC387272	A Mechanism for Adding the First Link in a Nascent Actin Filament Chain
PMC387276	Neural Basis of Solving Problems with Insight
PMC387279	A Window into the Brain Demonstrates the Importance of Astrocytes
PMC387280	Phage Display Libraries Identify T Cells
PMC387282	Evaluating Disease Trends in Marine Ecosystems
PMC387822	Predicting Cancer Patient Survival with Gene Expression Data
PMC387823	Emergence of a Peaceful Culture in Wild Baboons
PMC393293	Annotation Marathon Validates 21,037 Human Genes
PMC406395	A Gene That Directs the Regeneration of Injured Muscle from Adult Stem Cells
PMC406410	Correction
PMC406520	Turning Down the Volume: Why Some Genes Tolerate Less Noise
PMC423140	A Gene Responsible for Hybrid Incompatibility in Drosophila
PMC423142	Information Transport across a Membrane
PMC423148	Deconstructing Brain Waves: Background, Cue, and Response
PMC423152	Initiation of DNA Replication: The Genomic Context
PMC423154	Ecology Drives the Global Distribution of Human Diseases
PMC423159	A DNA Recombination “Hotspot” in Humans Is Missing in Chimps
PMC423160	Combining Measures to Characterize Subcellular Machinery
PMC423161	A Protein's Role in Progressive Renal Disease
PMC423162	A Method for Studying Calcium Dynamics in Transgenic Mice
PMC423163	Correction: Mre11 Assembles Linear DNA Fragments into DNA Damage Signaling Complexes
PMC434152	Harnessing DNA-Based Technology for Drug Discovery
PMC434154	Identifying Genes Involved in Innate Immunity through RNAi
PMC434155	Host Immunity Escalates the Evolution of Parasite Virulence
PMC439008	A New Role for a Synaptotagmin Protein in Calcium-Dependent Exocytosis
PMC439009	Genomic Analysis of Retinal Development in the Mouse
PMC449864	Calling the Steps in Development's Genetic Square Dance
PMC449866	When It Comes to Frizzled-Mediated Developmental Pathways, Location Matters
PMC449891	On the Brink: How Biology and Humans Affect Extinction Risk
PMC449894	Regulating the Regulators: Immune System Regulators Are Highly Susceptible to HIV Infection
PMC449902	No Rest for the Weary: Migrating Songbirds Keep Their Wits without Sleep
PMC449904	Training the Immune Response: B-cells' Master Regulator
PMC449905	Honeybees' Distance Perception Changes with Terrain of Flight Path
PMC449907	Great Ape Genomes Offer Insight into Human Evolution
PMC449908	Remembering Which X Chromosome to Use
PMC450293	Correction: Integrative Annotation of 21,037 Human Genes Validated by Full-Length cDNA Clones
PMC467053	Quality of maternal care in the Southeast Asia region
PMC467055	Artificial intelligence in radiology
PMC467062	India’s Poshan Tracker: data-driven tool for maternal and child nutrition
PMC467088	SGLT2 inhibitor dapagliflozin reduces proximal tubular cell damage biomarkers in patients with acute heart failure
PMC479044	The Molecular Biology of Wound Healing
PMC479045	Evolution of a Primate Defense against Intragenomic Infiltrators
PMC479046	Patterning the Face
PMC490028	Genome-Wide Survey of Cohesin: A Molecular Guardian of Genomic Fidelity
PMC497053	What is the role of theory in health behavior change interventions?
PMC509295	Deconstructing Genetic Contributions to Autoimmunity in Mouse Models
PMC509307	Nicotine Keeps Leaf-Loving Herbivores at Bay
PMC509308	Finding Mutations That Disrupt Cortical Development
PMC509309	A Protein Required for Fruitflies to Dispatch Wasp Parasites
PMC509311	Regenerating Lost Muscle: Msx1 to the Rescue
PMC509313	Yeast Use Dual Gain Controls to Amplify Protein Processing
PMC509314	Inhibition of the DNA Damage Pathway by a Telomere-Binding Protein
PMC509317	Retrovirus Integration into the Human Genome
PMC509318	A Red-Blooded Transcription Factor
PMC509319	How the Brain Retrieves Forgotten Memories
PMC509320	Deterministic Tumor Evolution
PMC509321	Evolution's “Molecular Clock”: Not So Dependable After All?
PMC509411	Hormones Act in Concert to Direct Plant Growth
PMC509412	A Case for a Functional Actin Network in the Nucleus
PMC509413	The Structural Basis of a Prostate Cancer Protein's Unique Selectivity
PMC509414	The Case of the Noisy Neurons
PMC509415	Gene Targeting Turns Mice into Long-Distance Runners
PMC514492	New Route to Longer Life
PMC514493	Protein Helps Orchestrate Cells' Fluid Uptake
PMC514495	Natural Biodiversity Breaks Plant Yield Barriers
PMC514538	A Skeletal Muscle Protein That Regulates Endurance
PMC514886	A Developmental Role for Fatty Acids in Eukaryotes
PMC514888	Dissecting the Transcriptional Control of Body Patterning
PMC514889	Verifying Sequences that Enhance Splicing
PMC515371	Fly hts with Both Hands
PMC515372	Mitochondrial Genes Cause Nuclear Mischief
PMC515373	Damage Response Protein Buys Time for Bacterial DNA Repair
PMC515374	Do Genes Respond to Global Warming?
PMC515375	A Novel Pathway for a Tumor Suppressor
PMC515376	Spotting Signs of Natural Selection
PMC517827	A Richer Map for Searching Scientific Literature
PMC517828	Key to Cholesterol's Role in Nematode Development
PMC517830	The Genome of a Methane-Loving Bacterium
PMC517831	How to Make a Mother in Five Easy Steps
PMC517832	A Mechanism of Prion Propagation
PMC517833	Keeping Proteins on Target
PMC517834	We Move in Mysterious Ways
PMC519003	A Molecular Model of Blood Cell Renewal
PMC519004	DNA Barcoding: Promise and Pitfalls
PMC519005	A Test Case for DNA Barcodes to Identify Species
PMC519006	Developmental Milieu Influences a Gene's Role in Tumor Formation
PMC519007	A Relay-Signal Model of Nematode Vulval Development
PMC519008	For Gene Activation, Location Matters
PMC521179	Shut Down, Don't Stress Out
PMC521180	A New Way to Look at Oxidative Stress
PMC521181	Did We or Didn't We? Louse Genetic Analysis Says Yes
PMC521182	A New Cell Model for Parkinson's Disease
PMC521183	High Affinity: Making Up for Being Male
PMC521184	Endangered Frogs Coexist with Fungus Once Thought Fatal
PMC521185	MicroRNA Is a Major Regulator
PMC521494	Open Access gains attention in scholar communication
PMC523231	Reconstructing Neural Circuits in 3D, Nanometer by Nanometer
PMC523232	Slime Mold Myosin Thick Filament Assembly Dissected
PMC523233	BMP Signaling Maintains Healthy Joint Cartilage
PMC523234	Controlling the Timing of Gene Expression during Organ Development
PMC523841	Oats Intolerance in Celiac Disease
PMC523842	Getting the Fluid Balance Right in Malaria
PMC523843	T Cells Cause Lung Damage in Emphysema
PMC523845	Which Risk Factors Matter to Whom?
PMC523846	Different HIV Drugs Cause Different Lipid Profiles
PMC524255	Predicting Risk of Mosquito-Borne Disease in Variable Environments
PMC524256	Where to Start? Alternate Protein Translation Mechanism Creates Unanticipated Antigens
PMC524257	Paying Attention to Memory
PMC524258	A Clear View of Mycobacterial Infection
PMC524259	Only Connect: The Functional Architecture of Brain Connectivity
PMC524260	Taking Stock of Biodiversity to Stem Its Rapid Decline
PMC524261	One Brain, One Vision
PMC524353	True good
PMC524378	Malaria Vaccine Trial Results Are Negative, but Important
PMC524379	Supervised Treatment Interruptions Fail to Control HIV-1 Viremia
PMC524473	Sleeping, Waking, … and Glucose Homeostasis
PMC524474	A Structural Analysis of Eukaryotic Membrane Evolution
PMC526181	Computational Mapping of Complex Traits in the Mouse
PMC526182	Repetitive Editing and RNA Splicing
PMC526183	Genes, Genomes, and the Road to Diversity: How Regulatory Networks Evolve
PMC526377	Fungus Holds Clues to the Evolution of Sex Chromosomes
PMC526754	Review on '' Bioinformatics, Biocomputing and Perl '' by Michael Moorhouse and Paul Barry
PMC528724	Chemical and Genetic Screens Hit the Target in Cytokinesis
PMC529320	All HEPped Up about Methylation
PMC529321	Are Animals As Irrational As Humans?
PMC529322	A Neuron Survival Protein May Give Directions, Too
PMC529323	In Times of Stress, Mutate Early and Often
PMC529324	Retroviral Gene Vectors Show Clear Target Preferences
PMC529325	This Is Your Fly's Brain on Drugs
PMC529432	Resistin Response to Inflammation
PMC529433	The Quest for a Vaccine That Yields Tumor-Killing T cells
PMC529458	Review of, "Biostatistics and Epidemiology" by S. Wassertheil-Smoller
PMC532394	Computer Simulation of the Movement of Listeria Bacteria
PMC532395	Norovirus Cultured for the First Time
PMC532396	When Immune Defenses Turn Traitor
PMC532397	The History of the Intron—Balancing Gains and Losses
PMC532398	Cro-Magnons Conquered Europe, but Left Neanderthals Alone
PMC532399	A Fly Enzyme for Motor Control
PMC532400	A Global View of Gene Expression in the Aging Kidney
PMC534811	Using Biology to Create Complex Patterns
PMC534812	An Evolutionary View of Tiger Conservation
PMC534815	Tracking Orangutans from the Sky
PMC535347	Review on "Atkins Diabetes Revolution: The Groundbreaking Approach to Preventing and Controlling Type 2 Diabetes" by Mary C. Vernon and Jacqueline A. Eberstein
PMC535576	Getting a Whiff of Speciation by Reinforcement
PMC535702	Sleep Duration Affects Appetite-Regulating Hormones
PMC536008	Evolution of Sex Chromosomes: The Case of the White Campion
PMC539053	Imaging Lymph Nodes with Nanoparticles
PMC539054	Cancer in Families
PMC539055	Treatment Interruptions in Chronic HIV Infection
PMC539057	Correction: Nevirapine and Efavirenz Elicit Different Changes in Lipid Profiles in Antiretroviral-Therapy-Naive Patients Infected with HIV-1
PMC539062	Gene Signatures Predict Interferon Response for MS Patients
PMC539063	Structure of a Conserved RNA Element in the SARS Virus Genome Determined
PMC539064	The Evolution of Self-Fertile Hermaphroditism: The Fog Is Clearing
PMC539066	Hirsute or Hairless? Two Proteins May Spell the Difference
PMC539230	Unique Double-Barreled Enzyme Makes Methionine the Hard Way
PMC539241	Review of "System approach to engineering design" by P.H. Sydenham
PMC539337	Ancient DNA Tells Story of Giant Eagle Evolution
PMC539338	Genome Sequencing: Using Models to Predict Who's Next
PMC539339	Computation Provides a Virtual Recording of Auditory Signaling
PMC539340	Separating Wheat from Chaff in Plant Genomes
PMC539341	Multiple Campylobacter Genomes Sequenced
PMC539342	Dispersal or Drift? More to Plant Biodiversity Than Meets the Eye
PMC539343	How Bacteria Stopped Worrying and Learned to Love…Formaldehyde
PMC543464	How Statins May Protect against Alzheimer Disease
PMC543465	Modeling the HIV Epidemic in Africa
PMC543571	Review of "Fundamentals of Clinical Trials" by LM. Friedman, CD. Furberg and DL. DeMets
PMC544543	Unexpressed but Indispensable—The DNA Sequences That Control Development
PMC544549	Whisker Velocity Patterns Tell Rats What They're Feeling
PMC544550	Correction: Regulation of Muscle Fiber Type and Running Endurance by PPARδ
PMC544552	Fish Need You
PMC544861	Review of "Methods for testing and evaluating survey questionnaires" by S. Presser, et al
PMC544930	Loss of Sight and Enhanced Hearing: A Neural Picture
PMC544931	Why Bad Boys Always Get the Girl and Other Tales of Evolutionary Madness
PMC544932	Hominids Lose Control
PMC545209	Rethinking Immunity against Pneumococcal Disease
PMC545210	Predicting Tumor Responses to Gefitinib and Erlotinib
PMC545211	Meningitis and Climate in West Africa
PMC545212	Volume Status in Severe Malaria: No Evidence Provided for the Degree of Filling of the Intravascular Compartment
PMC545213	Completing the Public Health HIV/AIDS Alphabet
PMC545214	Nepal's War and Conflict-Sensitive Development
PMC545215	Three More Learning Points
PMC545216	Authors' Reply
PMC546040	What Does an Airline Traveler Have in Common with a Glowing Fish?
PMC546041	Rice Genome Approaches Completion
PMC546042	Aging and Death in E. coli
PMC546332	DNA Recombination and Repair—A New Twist to RecA Function
PMC546333	An HIV Protein Plays a Surprising Role in Gene Activation
PMC546334	Novel Enzyme Shows Potential as an Anti-HIV Target
PMC546335	Opposing Fat Metabolism Pathways Triggered by a Single Gene
PMC546336	The Bottleneck of Central Processing: Clues from Reaction Times
PMC548794	Early Detection of Disease Outbreaks
PMC548957	Correction: Components of Coated Vesicles and Nuclear Pore Complexes Share a Common Molecular Architecture
PMC548958	Correction: Cro-Magnons Conquered Europe, but Left Neanderthals Alone
PMC549082	Review of "Therapy, Sensory Integration and the Autistic Child" by DS. Berger
PMC549209	Methodological considerations in the design of trials for safety assessment of new drugs and chemical entities
PMC549594	Free Community Science and the Free Development of Science
PMC549595	Unregistered Trials Are Unethical
PMC549596	Open Access to Trials Register
PMC549598	Mass Spectometry–Based SARS Genotyping
PMC549599	Towards Better Evaluation of Pneumococcal Vaccines
PMC549600	Injections and HIV in Rural Zimbabwe
PMC549602	Why Blood Glucose Control Matters for the Kidney
PMC549603	Equitable Allocation of Antiretrovirals in Resource-Constrained Countries
PMC549607	How Tumor Cells Acquire Resistance to Kinase Inhibitors
PMC552322	Review of "Understanding the Human Machine, A Primer for Bioengineering" by Max E. Valentinuzzi
PMC554983	Review of "Dynamics of the Vascular System" by John K-J Li. Series on Bioengineering & Biomedical Engineering – Vol. 1
PMC554996	Correction: Lipid phosphate phosphatases dimerise, but this interaction is not required for in vivo activity
PMC555541	Correction: Determination of the differentially expressed genes in microarray experiments using local FDR
PMC176547	Borneo Elephants: A High Priority for Conservation
PMC176548	Monitoring Malaria: Genomic Activity of the Parasite in Human Blood Cells
PMC193606	Biological Clock Depends on Many Parts Working Together
PMC193607	New Genomic Approach Predicts True Evolutionary History of Bacterial Genomes
PMC212688	Functional Analysis of RSS Spacers
PMC212700	Developmental Origins and Evolution of Buchnera Host Cells
PMC212701	Supersensitive Worms Reveal New Gene Functions
PMC212703	Large-Scale Association Study Confirms Genetic Complexity Underlying Type 2 Diabetes
PMC212704	Mathematical Modeling Predicts How Proteins Affect Cellular Communication
PMC300675	Structural Mechanism Shows How Transferrin Receptor Binds Multiple Ligands and Sheds Light on a Hereditary Iron Disease
PMC300700	In PLoS Biology, volume 1, issue 1:
PMC300884	Structure and Implications of JAMM, a Novel Metalloprotease
PMC300885	A Truly Broad View of Gene Expression Spotlights Evolution and Diversity
PMC300886	“Suicide” Proteins Contribute to Sperm Creation
PMC314301	Gene Expression Signature of a Fibroblast Serum Response Predicts Cancer Progression
PMC314470	A New Gene That Shapes Mouse Pigmentation Patterning
PMC314473	Mechanism Suggests How HIV Protein Disrupts Immune Cell Migration
PMC314476	Visualizing Noncentrosomal Microtubules during Spindle Assembly
PMC314478	Protein Essential for Malarial Parasite to Reach and Infect Liver Cells
PMC314479	Evolution of Primate Sense of Smell and Full Trichromatic Color Vision
PMC314480	Brain Activity during Slow-Wave Sleep Points to Mechanism for Memory
PMC314481	Researchers Add to Proteomics Toolbox
PMC314482	A DNA-Binding Protein Helps Repair Breaks in DNA Double Helix
PMC340127	Wnt Signaling Relies on Nuclear Armadillo
PMC340946	T-Cell Differentiation and Progression of HIV Infection
PMC340957	Engineering Bacteria to Make “Unnatural” Natural Drugs
PMC340958	Activating p53 in Cancer Cells with Protein Therapy Shows Preclinical Promise
PMC340959	A New Breast Cancer Model
PMC340960	When Monkeys Learn Directional Tasks, Neurons Learn Too
PMC340961	Diverse Signals Establish the Left-Right Body Axis
PMC340964	Comparing the Networks that Power Bacterial Chemotaxis
PMC350674	Exploring Small RNA Function
PMC368165	A Single Mutation Transforms an Iron Transporter into an Ion Channel
PMC368170	Genome Sequence of the Intracellular Bacterium Wolbachia
PMC368175	mRNA Targets of RNA-Binding Proteins Suggest an Extensive System for Post-Transcriptional Regulation
PMC368176	Tracking Blood-Forming Stem Cells through Development
PMC368177	Conserved Genes Preferentially Duplicated in Evolution
PMC368178	A Holistic Approach to Evaluating Cellular Communication Pathways
PMC368180	Microstimulation of Neurons Distinguishes Neural Contribution to Perception
PMC368181	Corrections: The Roles of APC and Axin Derived from Experimental and Theoretical Analysis of the Wnt Pathway
PMC374242	Artificial Prions Created from Portable Control Elements
PMC374245	Evolutionary History of a Gene Controlling Brain Size
PMC374246	Depositing a Histone That Protects Active Chromosomal Regions from Silencing
PMC385220	Single Locus Controls Majority of Armor Evolution in Two Populations of Sticklebacks
PMC387266	“Mosaic” Genes Highlight Forces of Genome Diversity and Adaptation
PMC387272	A Mechanism for Adding the First Link in a Nascent Actin Filament Chain
PMC387276	Neural Basis of Solving Problems with Insight
PMC387279	A Window into the Brain Demonstrates the Importance of Astrocytes
PMC387280	Phage Display Libraries Identify T Cells
PMC387282	Evaluating Disease Trends in Marine Ecosystems
PMC387822	Predicting Cancer Patient Survival with Gene Expression Data
PMC387823	Emergence of a Peaceful Culture in Wild Baboons
PMC393293	Annotation Marathon Validates 21,037 Human Genes
PMC406395	A Gene That Directs the Regeneration of Injured Muscle from Adult Stem Cells
PMC406410	Correction
PMC406520	Turning Down the Volume: Why Some Genes Tolerate Less Noise
PMC423140	A Gene Responsible for Hybrid Incompatibility in Drosophila
PMC423142	Information Transport across a Membrane
PMC423148	Deconstructing Brain Waves: Background, Cue, and Response
PMC423152	Initiation of DNA Replication: The Genomic Context
PMC423154	Ecology Drives the Global Distribution of Human Diseases
PMC423159	A DNA Recombination “Hotspot” in Humans Is Missing in Chimps
PMC423160	Combining Measures to Characterize Subcellular Machinery
PMC423161	A Protein's Role in Progressive Renal Disease
PMC423162	A Method for Studying Calcium Dynamics in Transgenic Mice
PMC423163	Correction: Mre11 Assembles Linear DNA Fragments into DNA Damage Signaling Complexes
PMC434152	Harnessing DNA-Based Technology for Drug Discovery
PMC434154	Identifying Genes Involved in Innate Immunity through RNAi
PMC434155	Host Immunity Escalates the Evolution of Parasite Virulence
PMC439008	A New Role for a Synaptotagmin Protein in Calcium-Dependent Exocytosis
PMC439009	Genomic Analysis of Retinal Development in the Mouse
PMC449864	Calling the Steps in Development's Genetic Square Dance
PMC449866	When It Comes to Frizzled-Mediated Developmental Pathways, Location Matters
PMC449891	On the Brink: How Biology and Humans Affect Extinction Risk
PMC449894	Regulating the Regulators: Immune System Regulators Are Highly Susceptible to HIV Infection
PMC449902	No Rest for the Weary: Migrating Songbirds Keep Their Wits without Sleep
PMC449904	Training the Immune Response: B-cells' Master Regulator
PMC449905	Honeybees' Distance Perception Changes with Terrain of Flight Path
PMC449907	Great Ape Genomes Offer Insight into Human Evolution
PMC449908	Remembering Which X Chromosome to Use
PMC450293	Correction: Integrative Annotation of 21,037 Human Genes Validated by Full-Length cDNA Clones
PMC467053	Quality of maternal care in the Southeast Asia region
PMC467055	Artificial intelligence in radiology
PMC467062	India’s Poshan Tracker: data-driven tool for maternal and child nutrition
PMC467088	SGLT2 inhibitor dapagliflozin reduces proximal tubular cell damage biomarkers in patients with acute heart failure
PMC479044	The Molecular Biology of Wound Healing
PMC479045	Evolution of a Primate Defense against Intragenomic Infiltrators
PMC479046	Patterning the Face
PMC490028	Genome-Wide Survey of Cohesin: A Molecular Guardian of Genomic Fidelity
PMC497053	What is the role of theory in health behavior change interventions?
PMC509295	Deconstructing Genetic Contributions to Autoimmunity in Mouse Models
PMC509307	Nicotine Keeps Leaf-Loving Herbivores at Bay
PMC509308	Finding Mutations That Disrupt Cortical Development
PMC509309	A Protein Required for Fruitflies to Dispatch Wasp Parasites
PMC509311	Regenerating Lost Muscle: Msx1 to the Rescue
PMC509313	Yeast Use Dual Gain Controls to Amplify Protein Processing
PMC509314	Inhibition of the DNA Damage Pathway by a Telomere-Binding Protein
PMC509317	Retrovirus Integration into the Human Genome
PMC509318	A Red-Blooded Transcription Factor
PMC509319	How the Brain Retrieves Forgotten Memories
PMC509320	Deterministic Tumor Evolution
PMC509321	Evolution's “Molecular Clock”: Not So Dependable After All?
PMC509411	Hormones Act in Concert to Direct Plant Growth
PMC509412	A Case for a Functional Actin Network in the Nucleus
PMC509413	The Structural Basis of a Prostate Cancer Protein's Unique Selectivity
PMC509414	The Case of the Noisy Neurons
PMC509415	Gene Targeting Turns Mice into Long-Distance Runners
PMC514492	New Route to Longer Life
PMC514493	Protein Helps Orchestrate Cells' Fluid Uptake
PMC514495	Natural Biodiversity Breaks Plant Yield Barriers
PMC514538	A Skeletal Muscle Protein That Regulates Endurance
PMC514886	A Developmental Role for Fatty Acids in Eukaryotes
PMC514888	Dissecting the Transcriptional Control of Body Patterning
PMC514889	Verifying Sequences that Enhance Splicing
PMC515371	Fly Fights with Both Hands
PMC515372	Mitochondrial Genes Cause Nuclear Mischief
PMC515373	Damage Response Protein Buys Time for Bacterial DNA Repair
PMC515374	Do Genes Respond to Global Warming?
PMC515375	A Novel Pathway for a Tumor Suppressor
PMC515376	Spotting Signs of Natural Selection
PMC517827	A Richer Map for Searching Scientific Literature
PMC517828	Key to Cholesterol's Role in Nematode Development
PMC517830	The Genome of a Methane-Loving Bacterium
PMC517831	How to Make a Mother in Five Easy Steps
PMC517832	A Mechanism of Prion Propagation
PMC517833	Keeping Proteins on Target
PMC517834	We Move in Mysterious Ways
PMC519003	A Molecular Model of Blood Cell Renewal
PMC519004	DNA Barcoding: Promise and Pitfalls
PMC519005	A Test Case for DNA Barcodes to Identify Species
PMC519006	Developmental Milieu Influences a Gene's Role in Tumor Formation
PMC519007	A Relay-Signal Model of Nematode Vulval Development
PMC519008	For Gene Activation, Location Matters
PMC521179	Shut Down, Don't Stress Out
PMC521180	A New Way to Look at Oxidative Stress
PMC521181	Did We or Didn't We? Louse Genetic Analysis Says Yes
PMC521182	A New Cell Model for Parkinson's Disease
PMC521183	High Affinity: Making Up for Being Male
PMC521184	Endangered Frogs Coexist with Fungus Once Thought Fatal
PMC521185	MicroRNA Is a Major Regulator
PMC521494	Open Access gains attention in scholar communication
PMC523231	Reconstructing Neural Circuits in 3D, Nanometer by Nanometer
PMC523232	Slime Mold Myosin Thick Filament Assembly Dissected
PMC523233	BMP Signaling Maintains Healthy Joint Cartilage
PMC523234	Controlling the Timing of Gene Expression during Organ Development
PMC523841	Oats Intolerance in Celiac Disease
PMC523842	Getting the Fluid Balance Right in Malaria
PMC523843	T Cells Cause Lung Damage in Emphysema
PMC523845	Which Risk Factors Matter to Whom?
PMC523846	Different HIV Drugs Cause Different Lipid Profiles
PMC524255	Predicting Risk of Mosquito-Borne Disease in Variable Environments
PMC524256	Where to Start? Alternate Protein Translation Mechanism Creates Unanticipated Antigens
PMC524257	Paying Attention to Memory
PMC524258	A Clear View of Mycobacterial Infection
PMC524259	Only Connect: The Functional Architecture of Brain Connectivity
PMC524260	Taking Stock of Biodiversity to Stem Its Rapid Decline
PMC524261	One Brain, One Vision
PMC524353	True good
PMC524378	Malaria Vaccine Trial Results Are Negative, but Important
PMC524379	Supervised Treatment Interruptions Fail to Control HIV-1 Viremia
PMC524473	Sleeping, Waking, … and Glucose Homeostasis
PMC524474	A Structural Analysis of Eukaryotic Membrane Evolution
PMC526181	Computational Mapping of Complex Traits in the Mouse
PMC526182	Repetitive Editing and RNA Splicing
PMC526183	Genes, Genomes, and the Road to Diversity: How Regulatory Networks Evolve
PMC526377	Fungus Holds Clues to the Evolution of Sex Chromosomes
PMC526754	Review on '' Bioinformatics, Biocomputing and Perl '' by Michael Moorhouse and Paul Barry
PMC528724	Chemical and Genetic Screens Hit the Target in Cytokinesis
PMC529320	All HEPped Up about Methylation
PMC529321	Are Animals As Irrational As Humans?
PMC529322	A Neuron Survival Protein May Give Directions, Too
PMC529323	In Times of Stress, Mutate Early and Often
PMC529324	Retroviral Gene Vectors Show Clear Target Preferences
PMC529325	This Is Your Fly's Brain on Drugs
PMC529432	Resistin Response to Inflammation
PMC529433	The Quest for a Vaccine That Yields Tumor-Killing T cells
PMC529458	Review of, "Biostatistics and Epidemiology" by S. Wassertheil-Smoller
PMC532394	Computer Simulation of the Movement of Listeria Bacteria
PMC532395	Norovirus Cultured for the First Time
PMC532396	When Immune Defenses Turn Traitor
PMC532397	The History of the Intron—Balancing Gains and Losses
PMC532398	Cro-Magnons Conquered Europe, but Left Neanderthals Alone
PMC532399	A Fly Enzyme for Motor Control
PMC532400	A Global View of Gene Expression in the Aging Kidney
PMC534811	Using Biology to Create Complex Patterns
PMC534812	An Evolutionary View of Tiger Conservation
PMC534815	Tracking Orangutans from the Sky
PMC535347	Review on "Atkins Diabetes Revolution: The Groundbreaking Approach to Preventing and Controlling Type 2 Diabetes" by Mary C. Vernon and Jacqueline A. Eberstein
PMC535576	Getting a Whiff of Speciation by Reinforcement
PMC535702	Sleep Duration Affects Appetite-Regulating Hormones
PMC536008	Evolution of Sex Chromosomes: The Case of the White Campion
PMC539053	Imaging Lymph Nodes with Nanoparticles
PMC539054	Cancer in Families
PMC539055	Treatment Interruptions in Chronic HIV Infection
PMC539057	Correction: Nevirapine and Efavirenz Elicit Different Changes in Lipid Profiles in Antiretroviral-Therapy-Naive Patients Infected with HIV-1
PMC539062	Gene Signatures Predict Interferon Response for MS Patients
PMC539063	Structure of a Conserved RNA Element in the SARS Virus Genome Determined
PMC539064	The Evolution of Self-Fertile Hermaphroditism: The Fog Is Clearing
PMC539066	Hirsute or Hairless? Two Proteins May Spell the Difference
PMC539230	Unique Double-Barreled Enzyme Makes Methionine the Hard Way
PMC539241	Review of "System approach to engineering design" by P.H. Sydenham
PMC539337	Ancient DNA Tells Story of Giant Eagle Evolution
PMC539338	Genome Sequencing: Using Models to Predict Who's Next
PMC539339	Computation Provides a Virtual Recording of Auditory Signaling
PMC539340	Separating Wheat from Chaff in Plant Genomes
PMC539341	Multiple Campylobacter Genomes Sequenced
PMC539342	Dispersal or Drift? More to Plant Biodiversity Than Meets the Eye
PMC539343	How Bacteria Stopped Worrying and Learned to Love…Formaldehyde
PMC543464	How Statins May Protect against Alzheimer Disease
PMC543465	Modeling the HIV Epidemic in Africa
PMC543571	Review of "Fundamentals of Clinical Trials" by LM. Friedman, CD. Furberg and DL. DeMets
PMC544543	Unexpressed but Indispensable—The DNA Sequences That Control Development
PMC544549	Whisker Velocity Patterns Tell Rats What They're Feeling
PMC544550	Correction: Regulation of Muscle Fiber Type and Running Endurance by PPARδ
PMC544552	Fish Need You
PMC544861	Review of "Methods for testing and evaluating survey questionnaires" by S. Presser, et al
PMC544930	Loss of Sight and Enhanced Hearing: A Neural Picture
PMC544931	Why Bad Boys Always Get the Girl and Other Tales of Evolutionary Madness
PMC544932	Hominids Lose Control
PMC545209	Rethinking Immunity against Pneumococcal Disease
PMC545210	Predicting Tumor Responses to Gefitinib and Erlotinib
PMC545211	Meningitis and Climate in West Africa
PMC545212	Volume Status in Severe Malaria: No Evidence Provided for the Degree of Filling of the Intravascular Compartment
PMC545213	Completing the Public Health HIV/AIDS Alphabet
PMC545214	Nepal's War and Conflict-Sensitive Development
PMC545215	Three More Learning Points
PMC545216	Authors' Reply
PMC546040	What Does an Airline Traveler Have in Common with a Glowing Fish?
PMC546041	Rice Genome Approaches Completion
PMC546042	Aging and Death in E. coli
PMC546332	DNA Recombination and Repair—A New Twist to RecA Function
PMC546333	An HIV Protein Plays a Surprising Role in Gene Activation
PMC546334	Novel Enzyme Shows Potential as an Anti-HIV Target
PMC546335	Opposing Fat Metabolism Pathways Triggered by a Single Gene
PMC546336	The Bottleneck of Central Processing: Clues from Reaction Times
PMC548794	Early Detection of Disease Outbreaks
PMC548957	Correction: Components of Coated Vesicles and Nuclear Pore Complexes Share a Common Molecular Architecture
PMC548958	Correction: Cro-Magnons Conquered Europe, but Left Neanderthals Alone
PMC549082	Review of "Therapy, Sensory Integration and the Autistic Child" by DS. Berger
PMC549209	Methodological considerations in the design of trials for safety assessment of new drugs and chemical entities
PMC549594	Free Community Science and the Free Development of Science
PMC549595	Unregistered Trials Are Unethical
PMC549596	Open Access to Trials Register
PMC549598	Mass Spectometry–Based SARS Genotyping
PMC549599	Towards Better Evaluation of Pneumococcal Vaccines
PMC549600	Injections and HIV in Rural Zimbabwe
PMC549602	Why Blood Glucose Control Matters for the Kidney
PMC549603	Equitable Allocation of Antiretrovirals in Resource-Constrained Countries
PMC549607	How Tumor Cells Acquire Resistance to Kinase Inhibitors
PMC552322	Review of "Understanding the Human Machine, A Primer for Bioengineering" by Max E. Valentinuzzi
PMC554983	Review of "Dynamics of the Vascular System" by John K-J Li. Series on Bioengineering & Biomedical Engineering – Vol. 1
PMC554996	Correction: Lipid phosphate phosphatases dimerise, but this interaction is not required for in vivo activity
PMC555541	Correction: Determination of the differentially expressed genes in microarray experiments using local FDR
PMC176547	Borneo Elephants: A High Priority for Conservation
PMC176548	Monitoring Malaria: Genomic Activity of the Parasite in Human Blood Cells
PMC193606	Biological Clock Depends on Many Parts Working Together
PMC193607	New Genomic Approach Predicts True Evolutionary History of Bacterial Genomes
PMC212688	Functional Analysis of RSS Spacers
PMC212700	Developmental Origins and Evolution of Buchnera Host Cells
PMC212701	Supersensitive Worms Reveal New Gene Functions
PMC212703	Large-Scale Association Study Confirms Genetic Complexity Underlying Type 2 Diabetes
PMC212704	Mathematical Modeling Predicts How Proteins Affect Cellular Communication
PMC300675	Structural Mechanism Shows How Transferrin Receptor Binds Multiple Ligands and Sheds Light on a Hereditary Iron Disease
PMC300700	In PLoS Biology, volume 1, issue 1:
PMC300884	Structure and Implications of JAMM, a Novel Metalloprotease
PMC300885	A Truly Broad View of Gene Expression Spotlights Evolution and Diversity
PMC300886	“Suicide” Proteins Contribute to Sperm Creation
PMC314301	Gene Expression Signature of a Fibroblast Serum Response Predicts Cancer Progression
PMC314470	A New Gene That Shapes Mouse Pigmentation Patterning
PMC314473	Mechanism Suggests How HIV Protein Disrupts Immune Cell Migration
PMC314476	Visualizing Noncentrosomal Microtubules during Spindle Assembly
PMC314478	Protein Essential for Malarial Parasite to Reach and Infect Liver Cells
PMC314479	Evolution of Primate Sense of Smell and Full Trichromatic Color Vision
PMC314480	Brain Activity during Slow-Wave Sleep Points to Mechanism for Memory
PMC314481	Researchers Add to Proteomics Toolbox
PMC314482	A DNA-Binding Protein Helps Repair Breaks in DNA Double Helix
PMC340127	Wnt Signaling Relies on Nuclear Armadillo
PMC340946	T-Cell Differentiation and Progression of HIV Infection
PMC340957	Engineering Bacteria to Make “Unnatural” Natural Drugs
PMC340958	Activating p53 in Cancer Cells with Protein Therapy Shows Preclinical Promise
PMC340959	A New Breast Cancer Model
PMC340960	When Monkeys Learn Directional Tasks, Neurons Learn Too
PMC340961	Diverse Signals Establish the Left-Right Body Axis
PMC340964	Comparing the Networks that Power Bacterial Chemotaxis
PMC350674	Exploring Small RNA Function
PMC368165	A Single Mutation Transforms an Iron Transporter into an Ion Channel
PMC368170	Genome Sequence of the Intracellular Bacterium Wolbachia
PMC368175	mRNA Targets of RNA-Binding Proteins Suggest an Extensive System for Post-Transcriptional Regulation
PMC368176	Tracking Blood-Forming Stem Cells through Development
PMC368177	Conserved Genes Preferentially Duplicated in Evolution
PMC368178	A Holistic Approach to Evaluating Cellular Communication Pathways
PMC368180	Microstimulation of Neurons Distinguishes Neural Contribution to Perception
PMC368181	Corrections: The Roles of APC and Axin Derived from Experimental and Theoretical Analysis of the Wnt Pathway
PMC374242	Artificial Prions Created from Portable Control Elements
PMC374245	Evolutionary History of a Gene Controlling Brain Size
PMC374246	Depositing a Histone That Protects Active Chromosomal Regions from Silencing
PMC385220	Single Locus Controls Majority of Armor Evolution in Two Populations of Sticklebacks
PMC387266	“Mosaic” Genes Highlight Forces of Genome Diversity and Adaptation
PMC387272	A Mechanism for Adding the First Link in a Nascent Actin Filament Chain
PMC387276	Neural Basis of Solving Problems with Insight
PMC387279	A Window into the Brain Demonstrates the Importance of Astrocytes
PMC387280	Phage Display Libraries Identify T Cells
PMC387282	Evaluating Disease Trends in Marine Ecosystems
PMC387822	Predicting Cancer Patient Survival with Gene Expression Data
PMC387823	Emergence of a Peaceful Culture in Wild Baboons
PMC393293	Annotation Marathon Validates 21,037 Human Genes
PMC406395	A Gene That Directs the Regeneration of Injured Muscle from Adult Stem Cells
PMC406410	Correction
PMC406520	Turning Down the Volume: Why Some Genes Tolerate Less Noise
PMC423140	A Gene Responsible for Hybrid Incompatibility in Drosophila
PMC423142	Information Transport across a Membrane
PMC423148	Deconstructing Brain Waves: Background, Cue, and Response
PMC423152	Initiation of DNA Replication: The Genomic Context
PMC423154	Ecology Drives the Global Distribution of Human Diseases
PMC423159	A DNA Recombination “Hotspot” in Humans Is Missing in Chimps
PMC423160	Combining Measures to Characterize Subcellular Machinery
PMC423161	A Protein's Role in Progressive Renal Disease
PMC423162	A Method for Studying Calcium Dynamics in Transgenic Mice
PMC423163	Correction: Mre11 Assembles Linear DNA Fragments into DNA Damage Signaling Complexes
PMC434152	Harnessing DNA-Based Technology for Drug Discovery
PMC434154	Identifying Genes Involved in Innate Immunity through RNAi
PMC434155	Host Immunity Escalates the Evolution of Parasite Virulence
PMC439008	A New Role for a Synaptotagmin Protein in Calcium-Dependent Exocytosis
PMC439009	Genomic Analysis of Retinal Development in the Mouse
PMC449864	Calling the Steps in Development's Genetic Square Dance
PMC449866	When It Comes to Frizzled-Mediated Developmental Pathways, Location Matters
PMC449891	On the Brink: How Biology and Humans Affect Extinction Risk
PMC449894	Regulating the Regulators: Immune System Regulators Are Highly Susceptible to HIV Infection
PMC449902	No Rest for the Weary: Migrating Songbirds Keep Their Wits without Sleep
PMC449904	Training the Immune Response: B-cells' Master Regulator
PMC449905	Honeybees' Distance Perception Changes with Terrain of Flight Path
PMC449907	Great Ape Genomes Offer Insight into Human Evolution
PMC449908	Remembering Which X Chromosome to Use
PMC450293	Correction: Integrative Annotation of 21,037 Human Genes Validated by Full-Length cDNA Clones
PMC467053	Quality of maternal care in the Southeast Asia region
PMC467055	Artificial intelligence in radiology
PMC467062	India’s Poshan Tracker: data-driven tool for maternal and child nutrition
PMC467088	SGLT2 inhibitor dapagliflozin reduces proximal tubular cell damage biomarkers in patients with acute heart failure
PMC479044	The Molecular Biology of Wound Healing
PMC479045	Evolution of a Primate Defense against Intragenomic Infiltrators
PMC479046	Patterning the Face
PMC490028	Genome-Wide Survey of Cohesin: A Molecular Guardian of Genomic Fidelity
PMC497053	What is the role of theory in health behavior change interventions?
PMC509295	Deconstructing Genetic Contributions to Autoimmunity in Mouse Models
PMC509307	Nicotine Keeps Leaf-Loving Herbivores at Bay
PMC509308	Finding Mutations That Disrupt Cortical Development
PMC509309	A Protein Required for Fruitflies to Dispatch Wasp Parasites
PMC509311	Regenerating Lost Muscle: Msx1 to the Rescue
PMC509313	Yeast Use Dual Gain Controls to Amplify Protein Processing
PMC509314	Inhibition of the DNA Damage Pathway by a Telomere-Binding Protein
PMC509317	Retrovirus Integration into the Human Genome
PMC509318	A Red-Blooded Transcription Factor
PMC509319	How the Brain Retrieves Forgotten Memories
PMC509320	Deterministic Tumor Evolution
PMC509321	Evolution's “Molecular Clock”: Not So Dependable After All?
PMC509411	Hormones Act in Concert to Direct Plant Growth
PMC509412	A Case for a Functional Actin Network in the Nucleus
PMC509413	The Structural Basis of a Prostate Cancer Protein's Unique Selectivity
PMC509414	The Case of the Noisy Neurons
PMC509415	Gene Targeting Turns Mice into Long-Distance Runners
PMC514492	New Route to Longer Life
PMC514493	Protein Helps Orchestrate Cells' Fluid Uptake
PMC514495	Natural Biodiversity Breaks Plant Yield Barriers
PMC514538	A Skeletal Muscle Protein That Regulates Endurance
PMC514886	A Developmental Role for Fatty Acids in Eukaryotes
PMC514888	Dissecting the Transcriptional Control of Body Patterning
PMC514889	Verifying Sequences that Enhance Splicing
PMC515371	Fly Fights with Both Hands
PMC515372	Mitochondrial Genes Cause Nuclear Mischief
PMC515373	Damage Response Protein Buys Time for Bacterial DNA Repair
PMC515374	Do Genes Respond to Global Warming?
PMC515375	A Novel Pathway for a Tumor Suppressor
PMC515376	Spotting Signs of Natural Selection
PMC517827	A Richer Map for Searching Scientific Literature
PMC517828	Key to Cholesterol's Role in Nematode Development
PMC517830	The Genome of a Methane-Loving Bacterium
PMC517831	How to Make a Mother in Five Easy Steps
PMC517832	A Mechanism of Prion Propagation
PMC517833	Keeping Proteins on Target
PMC517834	We Move in Mysterious Ways
PMC519003	A Molecular Model of Blood Cell Renewal
PMC519004	DNA Barcoding: Promise and Pitfalls
PMC519005	A Test Case for DNA Barcodes to Identify Species
PMC519006	Developmental Milieu Influences a Gene's Role in Tumor Formation
PMC519007	A Relay-Signal Model of Nematode Vulval Development
PMC519008	For Gene Activation, Location Matters
PMC521179	Shut Down, Don't Stress Out
PMC521180	A New Way to Look at Oxidative Stress
PMC521181	Did We or Didn't We? Louse Genetic Analysis Says Yes
PMC521182	A New Cell Model for Parkinson's Disease
PMC521183	High Affinity: Making Up for Being Male
PMC521184	Endangered Frogs Coexist with Fungus Once Thought Fatal
PMC521185	MicroRNA Is a Major Regulator
PMC521494	Open Access gains attention in scholar communication
PMC523231	Reconstructing Neural Circuits in 3D, Nanometer by Nanometer
PMC523232	Slime Mold Myosin Thick Filament Assembly Dissected
PMC523233	BMP Signaling Maintains Healthy Joint Cartilage
PMC523234	Controlling the Timing of Gene Expression during Organ Development
PMC523841	Oats Intolerance in Celiac Disease
PMC523842	Getting the Fluid Balance Right in Malaria
PMC523843	T Cells Cause Lung Damage in Emphysema
PMC523845	Which Risk Factors Matter to Whom?
PMC523846	Different HIV Drugs Cause Different Lipid Profiles
PMC524255	Predicting Risk of Mosquito-Borne Disease in Variable Environments
PMC524256	Where to Start? Alternate Protein Translation Mechanism Creates Unanticipated Antigens
PMC524257	Paying Attention to Memory
PMC524258	A Clear View of Mycobacterial Infection
PMC524259	Only Connect: The Functional Architecture of Brain Connectivity
PMC524260	Taking Stock of Biodiversity to Stem Its Rapid Decline
PMC524261	One Brain, One Vision
PMC524353	True good
PMC524378	Malaria Vaccine Trial Results Are Negative, but Important
PMC524379	Supervised Treatment Interruptions Fail to Control HIV-1 Viremia
PMC524473	Sleeping, Waking, … and Glucose Homeostasis
PMC524474	A Structural Analysis of Eukaryotic Membrane Evolution
PMC526181	Computational Mapping of Complex Traits in the Mouse
PMC526182	Repetitive Editing and RNA Splicing
PMC526183	Genes, Genomes, and the Road to Diversity: How Regulatory Networks Evolve
PMC526377	Fungus Holds Clues to the Evolution of Sex Chromosomes
PMC526754	Review on '' Bioinformatics, Biocomputing and Perl '' by Michael Moorhouse and Paul Barry
PMC528724	Chemical and Genetic Screens Hit the Target in Cytokinesis
PMC529320	All HEPped Up about Methylation
PMC529321	Are Animals As Irrational As Humans?
PMC529322	A Neuron Survival Protein May Give Directions, Too
PMC529323	In Times of Stress, Mutate Early and Often
PMC529324	Retroviral Gene Vectors Show Clear Target Preferences
PMC529325	This Is Your Fly's Brain on Drugs
PMC529432	Resistin Response to Inflammation
PMC529433	The Quest for a Vaccine That Yields Tumor-Killing T cells
PMC529458	Review of, "Biostatistics and Epidemiology" by S. Wassertheil-Smoller
PMC532394	Computer Simulation of the Movement of Listeria Bacteria
PMC532395	Norovirus Cultured for the First Time
PMC532396	When Immune Defenses Turn Traitor
PMC532397	The History of the Intron—Balancing Gains and Losses
PMC532398	Cro-Magnons Conquered Europe, but Left Neanderthals Alone
PMC532399	A Fly Enzyme for Motor Control
PMC532400	A Global View of Gene Expression in the Aging Kidney
PMC534811	Using Biology to Create Complex Patterns
PMC534812	An Evolutionary View of Tiger Conservation
PMC534815	Tracking Orangutans from the Sky
PMC535347	Review on "Atkins Diabetes Revolution: The Groundbreaking Approach to Preventing and Controlling Type 2 Diabetes" by Mary C. Vernon and Jacqueline A. Eberstein
PMC535576	Getting a Whiff of Speciation by Reinforcement
PMC535702	Sleep Duration Affects Appetite-Regulating Hormones
PMC536008	Evolution of Sex Chromosomes: The Case of the White Campion
PMC539053	Imaging Lymph Nodes with Nanoparticles
PMC539054	Cancer in Families
PMC539055	Treatment Interruptions in Chronic HIV Infection
PMC539057	Correction: Nevirapine and Efavirenz Elicit Different Changes in Lipid Profiles in Antiretroviral-Therapy-Naive Patients Infected with HIV-1
PMC539062	Gene Signatures Predict Interferon Response for MS Patients
PMC539063	Structure of a Conserved RNA Element in the SARS Virus Genome Determined
PMC539064	The Evolution of Self-Fertile Hermaphroditism: The Fog Is Clearing
PMC539066	Hirsute or Hairless? Two Proteins May Spell the Difference
PMC539230	Unique Double-Barreled Enzyme Makes Methionine the Hard Way
PMC539241	Review of "System approach to engineering design" by P.H. Sydenham
PMC539337	Ancient DNA Tells Story of Giant Eagle Evolution
PMC539338	Genome Sequencing: Using Models to Predict Who's Next
PMC539339	Computation Provides a Virtual Recording of Auditory Signaling
PMC539340	Separating Wheat from Chaff in Plant Genomes
PMC539341	Multiple Campylobacter Genomes Sequenced
PMC539342	Dispersal or Drift? More to Plant Biodiversity Than Meets the Eye
PMC539343	How Bacteria Stopped Worrying and Learned to Love…Formaldehyde
PMC543464	How Statins May Protect against Alzheimer Disease
PMC543465	Modeling the HIV Epidemic in Africa
PMC543571	Review of "Fundamentals of Clinical Trials" by LM. Friedman, CD. Furberg and DL. DeMets
PMC544543	Unexpressed but Indispensable—The DNA Sequences That Control Development
PMC544549	Whisker Velocity Patterns Tell Rats What They're Feeling
PMC544550	Correction: Regulation of Muscle Fiber Type and Running Endurance by PPARδ
PMC544552	Fish Need You
PMC544861	Review of "Methods for testing and evaluating survey questionnaires" by S. Presser, et al
PMC544930	Loss of Sight and Enhanced Hearing: A Neural Picture
PMC544931	Why Bad Boys Always Get the Girl and Other Tales of Evolutionary Madness
PMC544932	Hominids Lose Control
PMC545209	Rethinking Immunity against Pneumococcal Disease
PMC545210	Predicting Tumor Responses to Gefitinib and Erlotinib
PMC545211	Meningitis and Climate in West Africa
PMC545212	Volume Status in Severe Malaria: No Evidence Provided for the Degree of Filling of the Intravascular Compartment
PMC545213	Completing the Public Health HIV/AIDS Alphabet
PMC545214	Nepal's War and Conflict-Sensitive Development
PMC545215	Three More Learning Points
PMC545216	Authors' Reply
PMC546040	What Does an Airline Traveler Have in Common with a Glowing Fish?
PMC546041	Rice Genome Approaches Completion
PMC546042	Aging and Death in E. coli
PMC546332	DNA Recombination and Repair—A New Twist to RecA Function
PMC546333	An HIV Protein Plays a Surprising Role in Gene Activation
PMC546334	Novel Enzyme Shows Potential as an Anti-HIV Target
PMC546335	Opposing Fat Metabolism Pathways Triggered by a Single Gene
PMC546336	The Bottleneck of Central Processing: Clues from Reaction Times
PMC548794	Early Detection of Disease Outbreaks
PMC548957	Correction: Components of Coated Vesicles and Nuclear Pore Complexes Share a Common Molecular Architecture
PMC548958	Correction: Cro-Magnons Conquered Europe, but Left Neanderthals Alone
PMC549082	Review of "Therapy, Sensory Integration and the Autistic Child" by DS. Berger
PMC549209	Methodological considerations in the design of trials for safety assessment of new drugs and chemical entities
PMC549594	Free Community Science and the Free Development of Science
PMC549595	Unregistered Trials Are Unethical
PMC549596	Open Access to Trials Register
PMC549598	Mass Spectometry–Based SARS Genotyping
PMC549599	Towards Better Evaluation of Pneumococcal Vaccines
PMC549600	Injections and HIV in Rural Zimbabwe
PMC549602	Why Blood Glucose Control Matters for the Kidney
PMC549603	Equitable Allocation of Antiretrovirals in Resource-Constrained Countries
PMC549607	How Tumor Cells Acquire Resistance to Kinase Inhibitors
PMC552322	Review of "Understanding the Human Machine, A Primer for Bioengineering" by Max E. Valentinuzzi
PMC554983	Review of "Dynamics of the Vascular System" by John K-J Li. Series on Bioengineering & Biomedical Engineering – Vol. 1
PMC554996	Correction: Lipid phosphate phosphatases dimerise, but this interaction is not required for in vivo activity
PMC555541	Correction: Determination of the differentially expressed genes in microarray experiments using local FDR
PMC176547	Borneo Elephants: A High Priority for Conservation
PMC176548	Monitoring Malaria: Genomic Activity of the Parasite in Human Blood Cells
PMC193606	Biological Clock Depends on Many Parts Working Together
PMC193607	New Genomic Approach Predicts True Evolutionary History of Bacterial Genomes
PMC212688	Functional Analysis of RSS Spacers
PMC212700	Developmental Origins and Evolution of Buchnera Host Cells
PMC212701	Supersensitive Worms Reveal New Gene Functions
PMC212703	Large-Scale Association Study Confirms Genetic Complexity Underlying Type 2 Diabetes
PMC212704	Mathematical Modeling Predicts How Proteins Affect Cellular Communication
PMC300675	Structural Mechanism Shows How Transferrin Receptor Binds Multiple Ligands and Sheds Light on a Hereditary Iron Disease
PMC300700	In PLoS Biology, volume 1, issue 1:
PMC300884	Structure and Implications of JAMM, a Novel Metalloprotease
PMC300885	A Truly Broad View of Gene Expression Spotlights Evolution and Diversity
PMC300886	“Suicide” Proteins Contribute to Sperm Creation
PMC314301	Gene Expression Signature of a Fibroblast Serum Response Predicts Cancer Progression
PMC314470	A New Gene That Shapes Mouse Pigmentation Patterning
PMC314473	Mechanism Suggests How HIV Protein Disrupts Immune Cell Migration
PMC314476	Visualizing Noncentrosomal Microtubules during Spindle Assembly
PMC314478	Protein Essential for Malarial Parasite to Reach and Infect Liver Cells
PMC314479	Evolution of Primate Sense of Smell and Full Trichromatic Color Vision
PMC314480	Brain Activity during Slow-Wave Sleep Points to Mechanism for Memory
PMC314481	Researchers Add to Proteomics Toolbox
PMC314482	A DNA-Binding Protein Helps Repair Breaks in DNA Double Helix
PMC340127	Wnt Signaling Relies on Nuclear Armadillo
PMC340946	T-Cell Differentiation and Progression of HIV Infection
PMC340957	Engineering Bacteria to Make “Unnatural” Natural Drugs
PMC340958	Activating p53 in Cancer Cells with Protein Therapy Shows Preclinical Promise
PMC340959	A New Breast Cancer Model
PMC340960	When Monkeys Learn Directional Tasks, Neurons Learn Too
PMC340961	Diverse Signals Establish the Left-Right Body Axis
PMC340964	Comparing the Networks that Power Bacterial Chemotaxis
PMC350674	Exploring Small RNA Function
PMC368165	A Single Mutation Transforms an Iron Transporter into an Ion Channel
PMC368170	Genome Sequence of the Intracellular Bacterium Wolbachia
PMC368175	mRNA Targets of RNA-Binding Proteins Suggest an Extensive System for Post-Transcriptional Regulation
PMC368176	Tracking Blood-Forming Stem Cells through Development
PMC368177	Conserved Genes Preferentially Duplicated in Evolution
PMC368178	A Holistic Approach to Evaluating Cellular Communication Pathways
PMC368180	Microstimulation of Neurons Distinguishes Neural Contribution to Perception
PMC368181	Corrections: The Roles of APC and Axin Derived from Experimental and Theoretical Analysis of the Wnt Pathway
PMC374242	Artificial Prions Created from Portable Control Elements
PMC374245	Evolutionary History of a Gene Controlling Brain Size
PMC374246	Depositing a Histone That Protects Active Chromosomal Regions from Silencing
PMC385220	Single Locus Controls Majority of Armor Evolution in Two Populations of Sticklebacks
PMC387266	“Mosaic” Genes Highlight Forces of Genome Diversity and Adaptation
PMC387272	A Mechanism for Adding the First Link in a Nascent Actin Filament Chain
PMC387276	Neural Basis of Solving Problems with Insight
PMC387279	A Window into the Brain Demonstrates the Importance of Astrocytes
PMC387280	Phage Display Libraries Identify T Cells
PMC387282	Evaluating Disease Trends in Marine Ecosystems
PMC387822	Predicting Cancer Patient Survival with Gene Expression Data
PMC387823	Emergence of a Peaceful Culture in Wild Baboons
PMC393293	Annotation Marathon Validates 21,037 Human Genes
PMC406395	A Gene That Directs the Regeneration of Injured Muscle from Adult Stem Cells
PMC406410	Correction
PMC406520	Turning Down the Volume: Why Some Genes Tolerate Less Noise
PMC423140	A Gene Responsible for Hybrid Incompatibility in Drosophila
PMC423142	Information Transport across a Membrane
PMC423148	Deconstructing Brain Waves: Background, Cue, and Response
PMC423152	Initiation of DNA Replication: The Genomic Context
PMC423154	Ecology Drives the Global Distribution of Human Diseases
PMC423159	A DNA Recombination “Hotspot” in Humans Is Missing in Chimps
PMC423160	Combining Measures to Characterize Subcellular Machinery
PMC423161	A Protein's Role in Progressive Renal Disease
PMC423162	A Method for Studying Calcium Dynamics in Transgenic Mice
PMC423163	Correction: Mre11 Assembles Linear DNA Fragments into DNA Damage Signaling Complexes
PMC434152	Harnessing DNA-Based Technology for Drug Discovery
PMC434154	Identifying Genes Involved in Innate Immunity through RNAi
PMC434155	Host Immunity Escalates the Evolution of Parasite Virulence
PMC439008	A New Role for a Synaptotagmin Protein in Calcium-Dependent Exocytosis
PMC439009	Genomic Analysis of Retinal Development in the Mouse
PMC449864	Calling the Steps in Development's Genetic Square Dance
PMC449866	When It Comes to Frizzled-Mediated Developmental Pathways, Location Matters
PMC449891	On the Brink: How Biology and Humans Affect Extinction Risk
PMC449894	Regulating the Regulators: Immune System Regulators Are Highly Susceptible to HIV Infection
PMC449902	No Rest for the Weary: Migrating Songbirds Keep Their Wits without Sleep
PMC449904	Training the Immune Response: B-cells' Master Regulator
PMC449905	Honeybees' Distance Perception Changes with Terrain of Flight Path
PMC449907	Great Ape Genomes Offer Insight into Human Evolution
PMC449908	Remembering Which X Chromosome to Use
PMC450293	Correction: Integrative Annotation of 21,037 Human Genes Validated by Full-Length cDNA Clones
PMC467053	Quality of maternal care in the Southeast Asia region
PMC467055	Artificial intelligence in radiology
PMC467062	India’s Poshan Tracker: data-driven tool for maternal and child nutrition
PMC467088	SGLT2 inhibitor dapagliflozin reduces proximal tubular cell damage biomarkers in patients with acute heart failure
PMC479044	The Molecular Biology of Wound Healing
PMC479045	Evolution of a Primate Defense against Intragenomic Infiltrators
PMC479046	Patterning the Face
PMC490028	Genome-Wide Survey of Cohesin: A Molecular Guardian of Genomic Fidelity
PMC497053	What is the role of theory in health behavior change interventions?
PMC509295	Deconstructing Genetic Contributions to Autoimmunity in Mouse Models
PMC509307	Nicotine Keeps Leaf-Loving Herbivores at Bay
PMC509308	Finding Mutations That Disrupt Cortical Development
PMC509309	A Protein Required for Fruitflies to Dispatch Wasp Parasites
PMC509311	Regenerating Lost Muscle: Msx1 to the Rescue
PMC509313	Yeast Use Dual Gain Controls to Amplify Protein Processing
PMC509314	Inhibition of the DNA Damage Pathway by a Telomere-Binding Protein
PMC509317	Retrovirus Integration into the Human Genome
PMC509318	A Red-Blooded Transcription Factor
PMC509319	How the Brain Retrieves Forgotten Memories
PMC509320	Deterministic Tumor Evolution
PMC509321	Evolution's “Molecular Clock”: Not So Dependable After All?
PMC509411	Hormones Act in Concert to Direct Plant Growth
PMC509412	A Case for a Functional Actin Network in the Nucleus
PMC509413	The Structural Basis of a Prostate Cancer Protein's Unique Selectivity
PMC509414	The Case of the Noisy Neurons
PMC509415	Gene Targeting Turns Mice into Long-Distance Runners
PMC514492	New Route to Longer Life
PMC514493	Protein Helps Orchestrate Cells' Fluid Uptake
PMC514495	Natural Biodiversity Breaks Plant Yield Barriers
PMC514538	A Skeletal Muscle Protein That Regulates Endurance
PMC514886	A Developmental Role for Fatty Acids in Eukaryotes
PMC514888	Dissecting the Transcriptional Control of Body Patterning
PMC514889	Verifying Sequences that Enhance Splicing
PMC515371	Fly Fights with Both Hands
PMC515372	Mitochondrial Genes Cause Nuclear Mischief
PMC515373	Damage Response Protein Buys Time for Bacterial DNA Repair
PMC515374	Do Genes Respond to Global Warming?
PMC515375	A Novel Pathway for a Tumor Suppressor
PMC515376	Spotting Signs of Natural Selection
PMC517827	A Richer Map for Searching Scientific Literature
PMC517828	Key to Cholesterol's Role in Nematode Development
PMC517830	The Genome of a Methane-Loving Bacterium
PMC517831	How to Make a Mother in Five Easy Steps
PMC517832	A Mechanism of Prion Propagation
PMC517833	Keeping Proteins on Target
PMC517834	We Move in Mysterious Ways
PMC519003	A Molecular Model of Blood Cell Renewal
PMC519004	DNA Barcoding: Promise and Pitfalls
PMC519005	A Test Case for DNA Barcodes to Identify Species
PMC519006	Developmental Milieu Influences a Gene's Role in Tumor Formation
PMC519007	A Relay-Signal Model of Nematode Vulval Development
PMC519008	For Gene Activation, Location Matters
PMC521179	Shut Down, Don't Stress Out
PMC521180	A New Way to Look at Oxidative Stress
PMC521181	Did We or Didn't We? Louse Genetic Analysis Says Yes
PMC521182	A New Cell Model for Parkinson's Disease
PMC521183	High Affinity: Making Up for Being Male
PMC521184	Endangered Frogs Coexist with Fungus Once Thought Fatal
PMC521185	MicroRNA Is a Major Regulator
PMC521494	Open Access gains attention in scholar communication
PMC523231	Reconstructing Neural Circuits in 3D, Nanometer by Nanometer
PMC523232	Slime Mold Myosin Thick Filament Assembly Dissected
PMC523233	BMP Signaling Maintains Healthy Joint Cartilage
PMC523234	Controlling the Timing of Gene Expression during Organ Development
PMC523841	Oats Intolerance in Celiac Disease
PMC523842	Getting the Fluid Balance Right in Malaria
PMC523843	T Cells Cause Lung Damage in Emphysema
PMC523845	Which Risk Factors Matter to Whom?
PMC523846	Different HIV Drugs Cause Different Lipid Profiles
PMC524255	Predicting Risk of Mosquito-Borne Disease in Variable Environments
PMC524256	Where to Start? Alternate Protein Translation Mechanism Creates Unanticipated Antigens
PMC524257	Paying Attention to Memory
PMC524258	A Clear View of Mycobacterial Infection
PMC524259	Only Connect: The Functional Architecture of Brain Connectivity
PMC524260	Taking Stock of Biodiversity to Stem Its Rapid Decline
PMC524261	One Brain, One Vision
PMC524353	True good
PMC524378	Malaria Vaccine Trial Results Are Negative, but Important
PMC524379	Supervised Treatment Interruptions Fail to Control HIV-1 Viremia
PMC524473	Sleeping, Waking, … and Glucose Homeostasis
PMC524474	A Structural Analysis of Eukaryotic Membrane Evolution
PMC526181	Computational Mapping of Complex Traits in the Mouse
PMC526182	Repetitive Editing and RNA Splicing
PMC526183	Genes, Genomes, and the Road to Diversity: How Regulatory Networks Evolve
PMC526377	Fungus Holds Clues to the Evolution of Sex Chromosomes
PMC526754	Review on '' Bioinformatics, Biocomputing and Perl '' by Michael Moorhouse and Paul Barry
PMC528724	Chemical and Genetic Screens Hit the Target in Cytokinesis
PMC529320	All HEPped Up about Methylation
PMC529321	Are Animals As Irrational As Humans?
PMC529322	A Neuron Survival Protein May Give Directions, Too
PMC529323	In Times of Stress, Mutate Early and Often
PMC529324	Retroviral Gene Vectors Show Clear Target Preferences
PMC529325	This Is Your Fly's Brain on Drugs
PMC529432	Resistin Response to Inflammation
PMC529433	The Quest for a Vaccine That Yields Tumor-Killing T cells
PMC529458	Review of, "Biostatistics and Epidemiology" by S. Wassertheil-Smoller
PMC532394	Computer Simulation of the Movement of Listeria Bacteria
PMC532395	Norovirus Cultured for the First Time
PMC532396	When Immune Defenses Turn Traitor
PMC532397	The History of the Intron—Balancing Gains and Losses
PMC532398	Cro-Magnons Conquered Europe, but Left Neanderthals Alone
PMC532399	A Fly Enzyme for Motor Control
PMC532400	A Global View of Gene Expression in the Aging Kidney
PMC534811	Using Biology to Create Complex Patterns
PMC534812	An Evolutionary View of Tiger Conservation
PMC534815	Tracking Orangutans from the Sky
PMC535347	Review on "Atkins Diabetes Revolution: The Groundbreaking Approach to Preventing and Controlling Type 2 Diabetes" by Mary C. Vernon and Jacqueline A. Eberstein
PMC535576	Getting a Whiff of Speciation by Reinforcement
PMC535702	Sleep Duration Affects Appetite-Regulating Hormones
PMC536008	Evolution of Sex Chromosomes: The Case of the White Campion
PMC539053	Imaging Lymph Nodes with Nanoparticles
PMC539054	Cancer in Families
PMC539055	Treatment Interruptions in Chronic HIV Infection
PMC539057	Correction: Nevirapine and Efavirenz Elicit Different Changes in Lipid Profiles in Antiretroviral-Therapy-Naive Patients Infected with HIV-1
PMC539062	Gene Signatures Predict Interferon Response for MS Patients
PMC539063	Structure of a Conserved RNA Element in the SARS Virus Genome Determined
PMC539064	The Evolution of Self-Fertile Hermaphroditism: The Fog Is Clearing
PMC539066	Hirsute or Hairless? Two Proteins May Spell the Difference
PMC539230	Unique Double-Barreled Enzyme Makes Methionine the Hard Way
PMC539241	Review of "System approach to engineering design" by P.H. Sydenham
PMC539337	Ancient DNA Tells Story of Giant Eagle Evolution
PMC539338	Genome Sequencing: Using Models to Predict Who's Next
PMC539339	Computation Provides a Virtual Recording of Auditory Signaling
PMC539340	Separating Wheat from Chaff in Plant Genomes
PMC539341	Multiple Campylobacter Genomes Sequenced
PMC539342	Dispersal or Drift? More to Plant Biodiversity Than Meets the Eye
PMC539343	How Bacteria Stopped Worrying and Learned to Love…Formaldehyde
PMC543464	How Statins May Protect against Alzheimer Disease
PMC543465	Modeling the HIV Epidemic in Africa
PMC543571	Review of "Fundamentals of Clinical Trials" by LM. Friedman, CD. Furberg and DL. DeMets
PMC544543	Unexpressed but Indispensable—The DNA Sequences That Control Development
PMC544549	Whisker Velocity Patterns Tell Rats What They're Feeling
PMC544550	Correction: Regulation of Muscle Fiber Type and Running Endurance by PPARδ
PMC544552	Fish Need You
PMC544861	Review of "Methods for testing and evaluating survey questionnaires" by S. Presser, et al
PMC544930	Loss of Sight and Enhanced Hearing: A Neural Picture
PMC544931	Why Bad Boys Always Get the Girl and Other Tales of Evolutionary Madness
PMC544932	Hominids Lose Control
PMC545209	Rethinking Immunity against Pneumococcal Disease
PMC545210	Predicting Tumor Responses to Gefitinib and Erlotinib
PMC545211	Meningitis and Climate in West Africa
PMC545212	Volume Status in Severe Malaria: No Evidence Provided for the Degree of Filling of the Intravascular Compartment
PMC545213	Completing the Public Health HIV/AIDS Alphabet
PMC545214	Nepal's War and Conflict-Sensitive Development
PMC545215	Three More Learning Points
PMC545216	Authors' Reply
PMC546040	What Does an Airline Traveler Have in Common with a Glowing Fish?
PMC546041	Rice Genome Approaches Completion
PMC546042	Aging and Death in E. coli
PMC546332	DNA Recombination and Repair—A New Twist to RecA Function
PMC546333	An HIV Protein Plays a Surprising Role in Gene Activation
PMC546334	Novel Enzyme Shows Potential as an Anti-HIV Target
PMC546335	Opposing Fat Metabolism Pathways Triggered by a Single Gene
PMC546336	The Bottleneck of Central Processing: Clues from Reaction Times
PMC548794	Early Detection of Disease Outbreaks
PMC548957	Correction: Components of Coated Vesicles and Nuclear Pore Complexes Share a Common Molecular Architecture
PMC548958	Correction: Cro-Magnons Conquered Europe, but Left Neanderthals Alone
PMC549082	Review of "Therapy, Sensory Integration and the Autistic Child" by DS. Berger
PMC549209	Methodological considerations in the design of trials for safety assessment of new drugs and chemical entities
PMC549594	Free Community Science and the Free Development of Science
PMC549595	Unregistered Trials Are Unethical
PMC549596	Open Access to Trials Register
PMC549598	Mass Spectometry–Based SARS Genotyping
PMC549599	Towards Better Evaluation of Pneumococcal Vaccines
PMC549600	Injections and HIV in Rural Zimbabwe
PMC549602	Why Blood Glucose Control Matters for the Kidney
PMC549603	Equitable Allocation of Antiretrovirals in Resource-Constrained Countries
PMC549607	How Tumor Cells Acquire Resistance to Kinase Inhibitors
PMC552322	Review of "Understanding the Human Machine, A Primer for Bioengineering" by Max E. Valentinuzzi
PMC554983	Review of "Dynamics of the Vascular System" by John K-J Li. Series on Bioengineering & Biomedical Engineering – Vol. 1
PMC554996	Correction: Lipid phosphate phosphatases dimerise, but this interaction is not required for in vivo activity
PMC555541	Correction: Determination of the differentially expressed genes in microarray experiments using local FDR
